<?xml version="1.0" encoding="UTF-8"?>
<testsuite xmlns:xsi="http://www.w3.org/2001/XMLSchema-instance" xsi:noNamespaceSchemaLocation="https://maven.apache.org/surefire/maven-surefire-plugin/xsd/surefire-test-report-3.0.xsd" version="3.0" name="com.workintech.s18d1.MainTest" time="10.563" tests="17" errors="0" skipped="0" failures="1">
  <properties>
[...]
</properties>
  <testcase name="testEnumValues" classname="com.workintech.s18d1.MainTest" time="0.088">
    <system-out><![CDATA[00:01:18.851 [main] INFO org.springframework.test.context.support.AnnotationConfigContextLoaderUtils -- Could not detect default configuration classes for test class [com.workintech.s18d1.MainTest]: MainTest does not declare any static, non-private, non-final, nested classes annotated with @Configuration.
00:01:19.169 [main] INFO org.springframework.boot.test.context.SpringBootTestContextBootstrapper -- Found @SpringBootConfiguration com.workintech.s18d1.S18d1Application for test class com.workintech.s18d1.MainTest

  .   ____          _            __ _ _
 /\\ / ___'_ __ _ _(_)_ __  __ _ \ \ \ \
( ( )\___ | '_ | '_| | '_ \/ _` | \ \ \ \
 \\/  ___)| |_)| | | | | || (_| |  ) ) ) )
  '  |____| .__|_| |_|_| |_\__, | / / / /
 =========|_|==============|___/=/_/_/_/
 :: Spring Boot ::                (v3.2.0)

2025-08-09T00:01:20.135+03:00  INFO 53344 --- [burgerapi] [           main] com.workintech.s18d1.MainTest            : Starting MainTest using Java 17.0.12 with PID 53344 (started by Yiğit MERT in C:\Users\Yigit MERT\IdeaProjects\Sprint18Day4)
2025-08-09T00:01:20.138+03:00  INFO 53344 --- [burgerapi] [           main] com.workintech.s18d1.MainTest            : No active profile set, falling back to 1 default profile: "default"
2025-08-09T00:01:21.520+03:00  INFO 53344 --- [burgerapi] [           main] .s.d.r.c.RepositoryConfigurationDelegate : Bootstrapping Spring Data JPA repositories in DEFAULT mode.
2025-08-09T00:01:21.583+03:00  INFO 53344 --- [burgerapi] [           main] .s.d.r.c.RepositoryConfigurationDelegate : Finished Spring Data repository scanning in 46 ms. Found 0 JPA repository interfaces.
2025-08-09T00:01:22.385+03:00  INFO 53344 --- [burgerapi] [           main] o.hibernate.jpa.internal.util.LogHelper  : HHH000204: Processing PersistenceUnitInfo [name: default]
2025-08-09T00:01:22.497+03:00  INFO 53344 --- [burgerapi] [           main] org.hibernate.Version                    : HHH000412: Hibernate ORM core version 6.3.1.Final
2025-08-09T00:01:22.563+03:00  INFO 53344 --- [burgerapi] [           main] o.h.c.internal.RegionFactoryInitiator    : HHH000026: Second-level cache disabled
2025-08-09T00:01:23.096+03:00  INFO 53344 --- [burgerapi] [           main] o.s.o.j.p.SpringPersistenceUnitInfo      : No LoadTimeWeaver setup: ignoring JPA class transformer
2025-08-09T00:01:23.144+03:00  INFO 53344 --- [burgerapi] [           main] com.zaxxer.hikari.HikariDataSource       : HikariPool-1 - Starting...
2025-08-09T00:01:23.494+03:00  INFO 53344 --- [burgerapi] [           main] com.zaxxer.hikari.pool.HikariPool        : HikariPool-1 - Added connection org.postgresql.jdbc.PgConnection@13ca16bf
2025-08-09T00:01:23.498+03:00  INFO 53344 --- [burgerapi] [           main] com.zaxxer.hikari.HikariDataSource       : HikariPool-1 - Start completed.
2025-08-09T00:01:23.559+03:00  WARN 53344 --- [burgerapi] [           main] org.hibernate.orm.deprecation            : HHH90000025: PostgreSQLDialect does not need to be specified explicitly using 'hibernate.dialect' (remove the property setting and it will be selected by default)
2025-08-09T00:01:25.188+03:00  INFO 53344 --- [burgerapi] [           main] o.h.e.t.j.p.i.JtaPlatformInitiator       : HHH000489: No JTA platform available (set 'hibernate.transaction.jta.platform' to enable JTA platform integration)
2025-08-09T00:01:25.291+03:00  INFO 53344 --- [burgerapi] [           main] j.LocalContainerEntityManagerFactoryBean : Initialized JPA EntityManagerFactory for persistence unit 'default'
2025-08-09T00:01:25.677+03:00  WARN 53344 --- [burgerapi] [           main] JpaBaseConfiguration$JpaWebConfiguration : spring.jpa.open-in-view is enabled by default. Therefore, database queries may be performed during view rendering. Explicitly configure spring.jpa.open-in-view to disable this warning
2025-08-09T00:01:26.376+03:00  INFO 53344 --- [burgerapi] [           main] com.workintech.s18d1.MainTest            : Started MainTest in 6.787 seconds (process running for 9.358)
]]></system-out>
  </testcase>
  <testcase name="testBurgerExceptionCreation" classname="com.workintech.s18d1.MainTest" time="0.016"/>
  <testcase name="testFindById_NotExists" classname="com.workintech.s18d1.MainTest" time="0.056">
    <failure message="Expected com.workintech.s18d1.exceptions.BurgerException to be thrown, but nothing was thrown." type="org.opentest4j.AssertionFailedError"><![CDATA[org.opentest4j.AssertionFailedError: Expected com.workintech.s18d1.exceptions.BurgerException to be thrown, but nothing was thrown.
	at org.junit.jupiter.api.AssertionFailureBuilder.build(AssertionFailureBuilder.java:152)
	at org.junit.jupiter.api.AssertThrows.assertThrows(AssertThrows.java:73)
	at org.junit.jupiter.api.AssertThrows.assertThrows(AssertThrows.java:35)
	at org.junit.jupiter.api.Assertions.assertThrows(Assertions.java:3115)
	at com.workintech.s18d1.MainTest.testFindById_NotExists(MainTest.java:116)
	at java.base/java.lang.reflect.Method.invoke(Method.java:568)
	at java.base/java.util.ArrayList.forEach(ArrayList.java:1511)
	at java.base/java.util.ArrayList.forEach(ArrayList.java:1511)
]]></failure>
  </testcase>
  <testcase name="testFindAll" classname="com.workintech.s18d1.MainTest" time="0.176"/>
  <testcase name="testFindById_Exists" classname="com.workintech.s18d1.MainTest" time="0.007"/>
  <testcase name="testSave" classname="com.workintech.s18d1.MainTest" time="0.018"/>
  <testcase name="testFindByBreadType" classname="com.workintech.s18d1.MainTest" time="0.007"/>
  <testcase name="testNoArgsConstructor" classname="com.workintech.s18d1.MainTest" time="0.007"/>
  <testcase name="testBurgerErrorResponse" classname="com.workintech.s18d1.MainTest" time="0.009"/>
  <testcase name="testBurgerSetAndGet" classname="com.workintech.s18d1.MainTest" time="0.007"/>
  <testcase name="testImplementsBurgerDaoInterface" classname="com.workintech.s18d1.MainTest" time="0.01"/>
  <testcase name="testFindByContent" classname="com.workintech.s18d1.MainTest" time="0.009"/>
  <testcase name="testFindByPrice" classname="com.workintech.s18d1.MainTest" time="0.008"/>
  <testcase name="testBurgerExceptionIsRuntimeException" classname="com.workintech.s18d1.MainTest" time="0.005"/>
  <testcase name="testEnumConstants" classname="com.workintech.s18d1.MainTest" time="0.006"/>
  <testcase name="testRemove" classname="com.workintech.s18d1.MainTest" time="0.01"/>
  <testcase name="testUpdate" classname="com.workintech.s18d1.MainTest" time="0.006"/>
</testsuite>